{"content": {"suites": {"0": {"status": {"total_pass": 1, "total_skip": 0, "total_xpass": 0, "total_xfail": 1, "total_rerun": 0, "total_fail": 14, "total_error": 0}, "tests": {"0": {"status": "PASS", "message": "", "test_name": "test_login_landing", "rerun": "0"}, "1": {"status": "FAIL", "message": "   AttributeError: 'NoneType' object has no attribute 'text'\n", "test_name": "test_login", "rerun": "0"}, "2": {"status": "FAIL", "message": "   selenium.common.exceptions.NoSuchWindowException: Message: no such window: target window already closed\n   from unknown error: web view not found\n     (Session info: chrome=129.0.6668.70)\n   Stacktrace:\n   \tGetHandleVerifier [0x00926AB3+25587]\n   \t(No symbol) [0x008B9C54]\n   \t(No symbol) [0x007B2113]\n   \t(No symbol) [0x0078E23B]\n   \t(No symbol) [0x0082179F]\n   \t(No symbol) [0x00834CB9]\n   \t(No symbol) [0x0081A936]\n   \t(No symbol) [0x007EBA73]\n   \t(No symbol) [0x007EC4CD]\n   \tGetHandleVerifier [0x00C04C63+3032483]\n   \tGetHandleVerifier [0x00C56B99+3368153]\n   \tGetHandleVerifier [0x009B8F62+624802]\n   \tGetHandleVerifier [0x009C07DC+655644]\n   \t(No symbol) [0x008C260D]\n   \t(No symbol) [0x008BF6D8]\n   \t(No symbol) [0x008BF875]\n   \t(No symbol) [0x008B1CA6]\n   \tBaseThreadInitThunk [0x7682FCC9+25]\n   \tRtlGetAppContainerNamedObjectPath [0x779D80CE+286]\n   \tRtlGetAppContainerNamedObjectPath [0x779D809E+238]\n", "test_name": "test_totalmenu_listing", "rerun": "0"}, "3": {"status": "FAIL", "message": "   selenium.common.exceptions.NoSuchWindowException: Message: no such window: target window already closed\n   from unknown error: web view not found\n     (Session info: chrome=129.0.6668.70)\n   Stacktrace:\n   \tGetHandleVerifier [0x00926AB3+25587]\n   \t(No symbol) [0x008B9C54]\n   \t(No symbol) [0x007B2113]\n   \t(No symbol) [0x0078E23B]\n   \t(No symbol) [0x0082179F]\n   \t(No symbol) [0x00834CB9]\n   \t(No symbol) [0x0081A936]\n   \t(No symbol) [0x007EBA73]\n   \t(No symbol) [0x007EC4CD]\n   \tGetHandleVerifier [0x00C04C63+3032483]\n   \tGetHandleVerifier [0x00C56B99+3368153]\n   \tGetHandleVerifier [0x009B8F62+624802]\n   \tGetHandleVerifier [0x009C07DC+655644]\n   \t(No symbol) [0x008C260D]\n   \t(No symbol) [0x008BF6D8]\n   \t(No symbol) [0x008BF875]\n   \t(No symbol) [0x008B1CA6]\n   \tBaseThreadInitThunk [0x7682FCC9+25]\n   \tRtlGetAppContainerNamedObjectPath [0x779D80CE+286]\n   \tRtlGetAppContainerNamedObjectPath [0x779D809E+238]\n", "test_name": "test_gnb1", "rerun": "0"}, "4": {"status": "FAIL", "message": "   selenium.common.exceptions.NoSuchWindowException: Message: no such window: target window already closed\n   from unknown error: web view not found\n     (Session info: chrome=129.0.6668.70)\n   Stacktrace:\n   \tGetHandleVerifier [0x00926AB3+25587]\n   \t(No symbol) [0x008B9C54]\n   \t(No symbol) [0x007B2113]\n   \t(No symbol) [0x0078E23B]\n   \t(No symbol) [0x0082179F]\n   \t(No symbol) [0x00834CB9]\n   \t(No symbol) [0x0081A936]\n   \t(No symbol) [0x007EBA73]\n   \t(No symbol) [0x007EC4CD]\n   \tGetHandleVerifier [0x00C04C63+3032483]\n   \tGetHandleVerifier [0x00C56B99+3368153]\n   \tGetHandleVerifier [0x009B8F62+624802]\n   \tGetHandleVerifier [0x009C07DC+655644]\n   \t(No symbol) [0x008C260D]\n   \t(No symbol) [0x008BF6D8]\n   \t(No symbol) [0x008BF875]\n   \t(No symbol) [0x008B1CA6]\n   \tBaseThreadInitThunk [0x7682FCC9+25]\n   \tRtlGetAppContainerNamedObjectPath [0x779D80CE+286]\n   \tRtlGetAppContainerNamedObjectPath [0x779D809E+238]\n", "test_name": "test_gnb2", "rerun": "0"}, "5": {"status": "FAIL", "message": "   selenium.common.exceptions.NoSuchWindowException: Message: no such window: target window already closed\n   from unknown error: web view not found\n     (Session info: chrome=129.0.6668.70)\n   Stacktrace:\n   \tGetHandleVerifier [0x00926AB3+25587]\n   \t(No symbol) [0x008B9C54]\n   \t(No symbol) [0x007B2113]\n   \t(No symbol) [0x0078E23B]\n   \t(No symbol) [0x0082179F]\n   \t(No symbol) [0x00834CB9]\n   \t(No symbol) [0x0081A936]\n   \t(No symbol) [0x007EBA73]\n   \t(No symbol) [0x007EC4CD]\n   \tGetHandleVerifier [0x00C04C63+3032483]\n   \tGetHandleVerifier [0x00C56B99+3368153]\n   \tGetHandleVerifier [0x009B8F62+624802]\n   \tGetHandleVerifier [0x009C07DC+655644]\n   \t(No symbol) [0x008C260D]\n   \t(No symbol) [0x008BF6D8]\n   \t(No symbol) [0x008BF875]\n   \t(No symbol) [0x008B1CA6]\n   \tBaseThreadInitThunk [0x7682FCC9+25]\n   \tRtlGetAppContainerNamedObjectPath [0x779D80CE+286]\n   \tRtlGetAppContainerNamedObjectPath [0x779D809E+238]\n", "test_name": "test_gnb3", "rerun": "0"}, "6": {"status": "FAIL", "message": "   selenium.common.exceptions.NoSuchWindowException: Message: no such window: target window already closed\n   from unknown error: web view not found\n     (Session info: chrome=129.0.6668.70)\n   Stacktrace:\n   \tGetHandleVerifier [0x00926AB3+25587]\n   \t(No symbol) [0x008B9C54]\n   \t(No symbol) [0x007B2113]\n   \t(No symbol) [0x0078E23B]\n   \t(No symbol) [0x0082179F]\n   \t(No symbol) [0x00834CB9]\n   \t(No symbol) [0x0081A936]\n   \t(No symbol) [0x007EBA73]\n   \t(No symbol) [0x007EC4CD]\n   \tGetHandleVerifier [0x00C04C63+3032483]\n   \tGetHandleVerifier [0x00C56B99+3368153]\n   \tGetHandleVerifier [0x009B8F62+624802]\n   \tGetHandleVerifier [0x009C07DC+655644]\n   \t(No symbol) [0x008C260D]\n   \t(No symbol) [0x008BF6D8]\n   \t(No symbol) [0x008BF875]\n   \t(No symbol) [0x008B1CA6]\n   \tBaseThreadInitThunk [0x7682FCC9+25]\n   \tRtlGetAppContainerNamedObjectPath [0x779D80CE+286]\n   \tRtlGetAppContainerNamedObjectPath [0x779D809E+238]\n", "test_name": "test_search_dropdown_default", "rerun": "0"}, "7": {"status": "FAIL", "message": "   selenium.common.exceptions.NoSuchWindowException: Message: no such window: target window already closed\n   from unknown error: web view not found\n     (Session info: chrome=129.0.6668.70)\n   Stacktrace:\n   \tGetHandleVerifier [0x00926AB3+25587]\n   \t(No symbol) [0x008B9C54]\n   \t(No symbol) [0x007B2113]\n   \t(No symbol) [0x0078E23B]\n   \t(No symbol) [0x0082179F]\n   \t(No symbol) [0x00834CB9]\n   \t(No symbol) [0x0081A936]\n   \t(No symbol) [0x007EBA73]\n   \t(No symbol) [0x007EC4CD]\n   \tGetHandleVerifier [0x00C04C63+3032483]\n   \tGetHandleVerifier [0x00C56B99+3368153]\n   \tGetHandleVerifier [0x009B8F62+624802]\n   \tGetHandleVerifier [0x009C07DC+655644]\n   \t(No symbol) [0x008C260D]\n   \t(No symbol) [0x008BF6D8]\n   \t(No symbol) [0x008BF875]\n   \t(No symbol) [0x008B1CA6]\n   \tBaseThreadInitThunk [0x7682FCC9+25]\n   \tRtlGetAppContainerNamedObjectPath [0x779D80CE+286]\n   \tRtlGetAppContainerNamedObjectPath [0x779D809E+238]\n", "test_name": "test_search_dropdown_listing", "rerun": "0"}, "8": {"status": "FAIL", "message": "   selenium.common.exceptions.NoSuchWindowException: Message: no such window: target window already closed\n   from unknown error: web view not found\n     (Session info: chrome=129.0.6668.70)\n   Stacktrace:\n   \tGetHandleVerifier [0x00926AB3+25587]\n   \t(No symbol) [0x008B9C54]\n   \t(No symbol) [0x007B2113]\n   \t(No symbol) [0x0078E23B]\n   \t(No symbol) [0x0082179F]\n   \t(No symbol) [0x00834CB9]\n   \t(No symbol) [0x0081A936]\n   \t(No symbol) [0x007EBA73]\n   \t(No symbol) [0x007EC4CD]\n   \tGetHandleVerifier [0x00C04C63+3032483]\n   \tGetHandleVerifier [0x00C56B99+3368153]\n   \tGetHandleVerifier [0x009B8F62+624802]\n   \tGetHandleVerifier [0x009C07DC+655644]\n   \t(No symbol) [0x008C260D]\n   \t(No symbol) [0x008BF6D8]\n   \t(No symbol) [0x008BF875]\n   \t(No symbol) [0x008B1CA6]\n   \tBaseThreadInitThunk [0x7682FCC9+25]\n   \tRtlGetAppContainerNamedObjectPath [0x779D80CE+286]\n   \tRtlGetAppContainerNamedObjectPath [0x779D809E+238]\n", "test_name": "test_search_dropdown_select", "rerun": "0"}, "9": {"status": "FAIL", "message": "   selenium.common.exceptions.NoSuchWindowException: Message: no such window: target window already closed\n   from unknown error: web view not found\n     (Session info: chrome=129.0.6668.70)\n   Stacktrace:\n   \tGetHandleVerifier [0x00926AB3+25587]\n   \t(No symbol) [0x008B9C54]\n   \t(No symbol) [0x007B2113]\n   \t(No symbol) [0x0078E23B]\n   \t(No symbol) [0x0082179F]\n   \t(No symbol) [0x00834CB9]\n   \t(No symbol) [0x0081A936]\n   \t(No symbol) [0x007EBA73]\n   \t(No symbol) [0x007EC4CD]\n   \tGetHandleVerifier [0x00C04C63+3032483]\n   \tGetHandleVerifier [0x00C56B99+3368153]\n   \tGetHandleVerifier [0x009B8F62+624802]\n   \tGetHandleVerifier [0x009C07DC+655644]\n   \t(No symbol) [0x008C260D]\n   \t(No symbol) [0x008BF6D8]\n   \t(No symbol) [0x008BF875]\n   \t(No symbol) [0x008B1CA6]\n   \tBaseThreadInitThunk [0x7682FCC9+25]\n   \tRtlGetAppContainerNamedObjectPath [0x779D80CE+286]\n   \tRtlGetAppContainerNamedObjectPath [0x779D809E+238]\n", "test_name": "test_search_keyword", "rerun": "0"}, "10": {"status": "FAIL", "message": "   selenium.common.exceptions.NoSuchWindowException: Message: no such window: target window already closed\n   from unknown error: web view not found\n     (Session info: chrome=129.0.6668.70)\n   Stacktrace:\n   \tGetHandleVerifier [0x00926AB3+25587]\n   \t(No symbol) [0x008B9C54]\n   \t(No symbol) [0x007B2113]\n   \t(No symbol) [0x0078E23B]\n   \t(No symbol) [0x0082179F]\n   \t(No symbol) [0x00834CB9]\n   \t(No symbol) [0x0081A936]\n   \t(No symbol) [0x007EBA73]\n   \t(No symbol) [0x007EC4CD]\n   \tGetHandleVerifier [0x00C04C63+3032483]\n   \tGetHandleVerifier [0x00C56B99+3368153]\n   \tGetHandleVerifier [0x009B8F62+624802]\n   \tGetHandleVerifier [0x009C07DC+655644]\n   \t(No symbol) [0x008C260D]\n   \t(No symbol) [0x008BF6D8]\n   \t(No symbol) [0x008BF875]\n   \t(No symbol) [0x008B1CA6]\n   \tBaseThreadInitThunk [0x7682FCC9+25]\n   \tRtlGetAppContainerNamedObjectPath [0x779D80CE+286]\n   \tRtlGetAppContainerNamedObjectPath [0x779D809E+238]\n", "test_name": "test_search_filter_rocket", "rerun": "0"}, "11": {"status": "xFAIL", "message": "   selenium.common.exceptions.NoSuchWindowException: Message: no such window: target window already closed\n   from unknown error: web view not found\n     (Session info: chrome=129.0.6668.70)\n   Stacktrace:\n   \tGetHandleVerifier [0x00926AB3+25587]\n   \t(No symbol) [0x008B9C54]\n   \t(No symbol) [0x007B2113]\n   \t(No symbol) [0x0078E23B]\n   \t(No symbol) [0x0082179F]\n   \t(No symbol) [0x00834CB9]\n   \t(No symbol) [0x0081A936]\n   \t(No symbol) [0x007EBA73]\n   \t(No symbol) [0x007EC4CD]\n   \tGetHandleVerifier [0x00C04C63+3032483]\n   \tGetHandleVerifier [0x00C56B99+3368153]\n   \tGetHandleVerifier [0x009B8F62+624802]\n   \tGetHandleVerifier [0x009C07DC+655644]\n   \t(No symbol) [0x008C260D]\n   \t(No symbol) [0x008BF6D8]\n   \t(No symbol) [0x008BF875]\n   \t(No symbol) [0x008B1CA6]\n   \tBaseThreadInitThunk [0x7682FCC9+25]\n   \tRtlGetAppContainerNamedObjectPath [0x779D80CE+286]\n   \tRtlGetAppContainerNamedObjectPath [0x779D809E+238]\n", "test_name": "test_search_sorting_low", "rerun": "0"}, "12": {"status": "FAIL", "message": "   selenium.common.exceptions.NoSuchWindowException: Message: no such window: target window already closed\n   from unknown error: web view not found\n     (Session info: chrome=129.0.6668.70)\n   Stacktrace:\n   \tGetHandleVerifier [0x00926AB3+25587]\n   \t(No symbol) [0x008B9C54]\n   \t(No symbol) [0x007B2113]\n   \t(No symbol) [0x0078E23B]\n   \t(No symbol) [0x0082179F]\n   \t(No symbol) [0x00834CB9]\n   \t(No symbol) [0x0081A936]\n   \t(No symbol) [0x007EBA73]\n   \t(No symbol) [0x007EC4CD]\n   \tGetHandleVerifier [0x00C04C63+3032483]\n   \tGetHandleVerifier [0x00C56B99+3368153]\n   \tGetHandleVerifier [0x009B8F62+624802]\n   \tGetHandleVerifier [0x009C07DC+655644]\n   \t(No symbol) [0x008C260D]\n   \t(No symbol) [0x008BF6D8]\n   \t(No symbol) [0x008BF875]\n   \t(No symbol) [0x008B1CA6]\n   \tBaseThreadInitThunk [0x7682FCC9+25]\n   \tRtlGetAppContainerNamedObjectPath [0x779D80CE+286]\n   \tRtlGetAppContainerNamedObjectPath [0x779D809E+238]\n", "test_name": "test_procuct_detail", "rerun": "0"}, "13": {"status": "FAIL", "message": "   selenium.common.exceptions.WebDriverException: Message: disconnected: not connected to DevTools\n     (failed to check if window was closed: disconnected: not connected to DevTools)\n     (Session info: chrome=129.0.6668.70)\n   Stacktrace:\n   \tGetHandleVerifier [0x00926AB3+25587]\n   \t(No symbol) [0x008B9C54]\n   \t(No symbol) [0x007B2113]\n   \t(No symbol) [0x0079BD90]\n   \t(No symbol) [0x0079CB3D]\n   \t(No symbol) [0x007B2622]\n   \t(No symbol) [0x0078DE75]\n   \t(No symbol) [0x00828007]\n   \t(No symbol) [0x0081AB63]\n   \t(No symbol) [0x007EBA73]\n   \t(No symbol) [0x007EC4CD]\n   \tGetHandleVerifier [0x00C04C63+3032483]\n   \tGetHandleVerifier [0x00C56B99+3368153]\n   \tGetHandleVerifier [0x009B8F62+624802]\n   \tGetHandleVerifier [0x009C07DC+655644]\n   \t(No symbol) [0x008C260D]\n   \t(No symbol) [0x008BF6D8]\n   \t(No symbol) [0x008BF875]\n   \t(No symbol) [0x008B1CA6]\n   \tBaseThreadInitThunk [0x7682FCC9+25]\n   \tRtlGetAppContainerNamedObjectPath [0x779D80CE+286]\n   \tRtlGetAppContainerNamedObjectPath [0x779D809E+238]\n", "test_name": "test_get_to_cart", "rerun": "0"}, "14": {"status": "FAIL", "message": "   selenium.common.exceptions.NoSuchWindowException: Message: no such window: target window already closed\n   from unknown error: web view not found\n     (Session info: chrome=129.0.6668.70)\n   Stacktrace:\n   \tGetHandleVerifier [0x00926AB3+25587]\n   \t(No symbol) [0x008B9C54]\n   \t(No symbol) [0x007B2113]\n   \t(No symbol) [0x0078E23B]\n   \t(No symbol) [0x0082179F]\n   \t(No symbol) [0x00834CB9]\n   \t(No symbol) [0x0081A936]\n   \t(No symbol) [0x007EBA73]\n   \t(No symbol) [0x007EC4CD]\n   \tGetHandleVerifier [0x00C04C63+3032483]\n   \tGetHandleVerifier [0x00C56B99+3368153]\n   \tGetHandleVerifier [0x009B8F62+624802]\n   \tGetHandleVerifier [0x009C07DC+655644]\n   \t(No symbol) [0x008C260D]\n   \t(No symbol) [0x008BF6D8]\n   \t(No symbol) [0x008BF875]\n   \t(No symbol) [0x008B1CA6]\n   \tBaseThreadInitThunk [0x7682FCC9+25]\n   \tRtlGetAppContainerNamedObjectPath [0x779D80CE+286]\n   \tRtlGetAppContainerNamedObjectPath [0x779D809E+238]\n", "test_name": "test_excepted_price", "rerun": "0"}, "15": {"status": "FAIL", "message": "   selenium.common.exceptions.NoSuchWindowException: Message: no such window: target window already closed\n   from unknown error: web view not found\n     (Session info: chrome=129.0.6668.70)\n   Stacktrace:\n   \tGetHandleVerifier [0x00926AB3+25587]\n   \t(No symbol) [0x008B9C54]\n   \t(No symbol) [0x007B2113]\n   \t(No symbol) [0x0078E23B]\n   \t(No symbol) [0x0082179F]\n   \t(No symbol) [0x00834CB9]\n   \t(No symbol) [0x0081A936]\n   \t(No symbol) [0x007EBA73]\n   \t(No symbol) [0x007EC4CD]\n   \tGetHandleVerifier [0x00C04C63+3032483]\n   \tGetHandleVerifier [0x00C56B99+3368153]\n   \tGetHandleVerifier [0x009B8F62+624802]\n   \tGetHandleVerifier [0x009C07DC+655644]\n   \t(No symbol) [0x008C260D]\n   \t(No symbol) [0x008BF6D8]\n   \t(No symbol) [0x008BF875]\n   \t(No symbol) [0x008B1CA6]\n   \tBaseThreadInitThunk [0x7682FCC9+25]\n   \tRtlGetAppContainerNamedObjectPath [0x779D80CE+286]\n   \tRtlGetAppContainerNamedObjectPath [0x779D809E+238]\n", "test_name": "test_landing_to_checkout", "rerun": "0"}}, "suite_name": "tests/test_CoupangMain.py"}}}, "date": "September 25, 2024", "start_time": 1727255845.2358868, "total_suite": 1, "status": "FAIL", "status_list": {"pass": "1", "fail": "14", "skip": "0", "error": "0", "xpass": "0", "xfail": "1", "rerun": "0"}, "total_tests": "16"}