{"content": {"suites": {"0": {"status": {"total_pass": 11, "total_skip": 0, "total_xpass": 0, "total_xfail": 1, "total_rerun": 0, "total_fail": 3, "total_error": 0}, "tests": {"0": {"status": "PASS", "message": "", "test_name": "test_login_landing", "rerun": "0"}, "1": {"status": "PASS", "message": "", "test_name": "test_login", "rerun": "0"}, "2": {"status": "PASS", "message": "", "test_name": "test_totalmenu_listing", "rerun": "0"}, "3": {"status": "PASS", "message": "", "test_name": "test_gnb1", "rerun": "0"}, "4": {"status": "PASS", "message": "", "test_name": "test_gnb2", "rerun": "0"}, "5": {"status": "PASS", "message": "", "test_name": "test_gnb3", "rerun": "0"}, "6": {"status": "PASS", "message": "", "test_name": "test_search_dropdown_default", "rerun": "0"}, "7": {"status": "PASS", "message": "", "test_name": "test_search_dropdown_listing", "rerun": "0"}, "8": {"status": "PASS", "message": "", "test_name": "test_search_dropdown_select", "rerun": "0"}, "9": {"status": "PASS", "message": "", "test_name": "test_search_keyword", "rerun": "0"}, "10": {"status": "FAIL", "message": "   selenium.common.exceptions.NoSuchElementException: Message: no such element: Unable to locate element: {\"method\":\"xpath\",\"selector\":\"./a/dl/dd/div/div[3]/div/div/em/span/img\"}\n     (Session info: chrome=129.0.6668.59); For documentation on this error, please visit: https://www.selenium.dev/documentation/webdriver/troubleshooting/errors#no-such-element-exception\n   Stacktrace:\n   \tGetHandleVerifier [0x002D83E3+25571]\n   \t(No symbol) [0x0026A684]\n   \t(No symbol) [0x00162113]\n   \t(No symbol) [0x001A6FB2]\n   \t(No symbol) [0x001A71FB]\n   \t(No symbol) [0x0019D161]\n   \t(No symbol) [0x001CAC54]\n   \t(No symbol) [0x0019D084]\n   \t(No symbol) [0x001CAEA4]\n   \t(No symbol) [0x001E5349]\n   \t(No symbol) [0x001CA9A6]\n   \t(No symbol) [0x0019BAB6]\n   \t(No symbol) [0x0019C50D]\n   \tGetHandleVerifier [0x005AC4A3+2991267]\n   \tGetHandleVerifier [0x005FD2C9+3322569]\n   \tGetHandleVerifier [0x003684D2+615634]\n   \tGetHandleVerifier [0x0036FBFC+646140]\n   \t(No symbol) [0x0027327D]\n   \t(No symbol) [0x00270188]\n   \t(No symbol) [0x00270325]\n   \t(No symbol) [0x00262826]\n   \tBaseThreadInitThunk [0x7682FCC9+25]\n   \tRtlGetAppContainerNamedObjectPath [0x779D80CE+286]\n   \tRtlGetAppContainerNamedObjectPath [0x779D809E+238]\n   \t(No symbol) [0x00000000]\n", "test_name": "test_search_filter_rocket", "rerun": "0"}, "11": {"status": "xFAIL", "message": "   AssertionError: \ub0ae\uc740 \uac00\uaca9\uc21c \uc815\ub82c \uc801\uc6a9 \uc548 \ub428\n   assert [3000, 3300, ...00, 3940, ...] == [3000, 3300, ...00, 3940, ...]\n     \n     At index 13 diff: 4900 != 4720\n     \n     Full diff:\n       [\n           3000,\n           3300,...\n     \n     ...Full output truncated (36 lines hidden), use '-vv' to show\n", "test_name": "test_search_sorting_low", "rerun": "0"}, "12": {"status": "PASS", "message": "", "test_name": "test_procuct_detail", "rerun": "0"}, "13": {"status": "FAIL", "message": "   selenium.common.exceptions.NoSuchElementException: Message: no such element: Unable to locate element: {\"method\":\"xpath\",\"selector\":\"//a[contains(text(), '\uc7a5\ubc14\uad6c\ub2c8 \ubc14\ub85c\uac00\uae30 >')]\"}\n     (Session info: chrome=129.0.6668.59); For documentation on this error, please visit: https://www.selenium.dev/documentation/webdriver/troubleshooting/errors#no-such-element-exception\n   Stacktrace:\n   \tGetHandleVerifier [0x002D83E3+25571]\n   \t(No symbol) [0x0026A684]\n   \t(No symbol) [0x00162113]\n   \t(No symbol) [0x001A6FB2]\n   \t(No symbol) [0x001A71FB]\n   \t(No symbol) [0x001E7822]\n   \t(No symbol) [0x001CAC54]\n   \t(No symbol) [0x001E5349]\n   \t(No symbol) [0x001CA9A6]\n   \t(No symbol) [0x0019BAB6]\n   \t(No symbol) [0x0019C50D]\n   \tGetHandleVerifier [0x005AC4A3+2991267]\n   \tGetHandleVerifier [0x005FD2C9+3322569]\n   \tGetHandleVerifier [0x003684D2+615634]\n   \tGetHandleVerifier [0x0036FBFC+646140]\n   \t(No symbol) [0x0027327D]\n   \t(No symbol) [0x00270188]\n   \t(No symbol) [0x00270325]\n   \t(No symbol) [0x00262826]\n   \tBaseThreadInitThunk [0x7682FCC9+25]\n   \tRtlGetAppContainerNamedObjectPath [0x779D80CE+286]\n   \tRtlGetAppContainerNamedObjectPath [0x779D809E+238]\n   \t(No symbol) [0x00000000]\n", "test_name": "test_get_to_cart", "rerun": "0"}, "14": {"status": "FAIL", "message": "   selenium.common.exceptions.NoSuchElementException: Message: no such element: Unable to locate element: {\"method\":\"xpath\",\"selector\":\"//div[contains(@class,'unit-total-sale-price')]\"}\n     (Session info: chrome=129.0.6668.59); For documentation on this error, please visit: https://www.selenium.dev/documentation/webdriver/troubleshooting/errors#no-such-element-exception\n   Stacktrace:\n   \tGetHandleVerifier [0x002D83E3+25571]\n   \t(No symbol) [0x0026A684]\n   \t(No symbol) [0x00162113]\n   \t(No symbol) [0x001A6FB2]\n   \t(No symbol) [0x001A71FB]\n   \t(No symbol) [0x001E7822]\n   \t(No symbol) [0x001CAC54]\n   \t(No symbol) [0x001E5349]\n   \t(No symbol) [0x001CA9A6]\n   \t(No symbol) [0x0019BAB6]\n   \t(No symbol) [0x0019C50D]\n   \tGetHandleVerifier [0x005AC4A3+2991267]\n   \tGetHandleVerifier [0x005FD2C9+3322569]\n   \tGetHandleVerifier [0x003684D2+615634]\n   \tGetHandleVerifier [0x0036FBFC+646140]\n   \t(No symbol) [0x0027327D]\n   \t(No symbol) [0x00270188]\n   \t(No symbol) [0x00270325]\n   \t(No symbol) [0x00262826]\n   \tBaseThreadInitThunk [0x7682FCC9+25]\n   \tRtlGetAppContainerNamedObjectPath [0x779D80CE+286]\n   \tRtlGetAppContainerNamedObjectPath [0x779D809E+238]\n   \t(No symbol) [0x00000000]\n", "test_name": "test_excepted_price", "rerun": "0"}}, "suite_name": "tests/test_CoupangMain.py"}}}, "date": "September 23, 2024", "start_time": 1727094841.3322537, "total_suite": 1, "status": "FAIL", "status_list": {"pass": "11", "fail": "3", "skip": "0", "error": "0", "xpass": "0", "xfail": "1", "rerun": "0"}, "total_tests": "15"}