{"content": {"suites": {"0": {"status": {"total_pass": 11, "total_skip": 0, "total_xpass": 0, "total_xfail": 1, "total_rerun": 0, "total_fail": 1, "total_error": 0}, "tests": {"0": {"status": "PASS", "message": "", "test_name": "test_login_landing", "rerun": "0"}, "1": {"status": "PASS", "message": "", "test_name": "test_login", "rerun": "0"}, "2": {"status": "PASS", "message": "", "test_name": "test_search_keyword", "rerun": "0"}, "3": {"status": "PASS", "message": "", "test_name": "test_search_filter_rocket", "rerun": "0"}, "4": {"status": "xFAIL", "message": "   AssertionError: \ub0ae\uc740 \uac00\uaca9\uc21c \uc815\ub82c \uc801\uc6a9 \uc548 \ub428\n   assert [3000, 3310, ...40, 4100, ...] == [3000, 3310, ...40, 4100, ...]\n     \n     At index 9 diff: 4900 != 4720\n     \n     Full diff:\n       [\n           3000,\n           3310,...\n     \n     ...Full output truncated (37 lines hidden), use '-vv' to show\n", "test_name": "test_search_sorting_low", "rerun": "0"}, "5": {"status": "PASS", "message": "", "test_name": "test_procuct_detail", "rerun": "0"}, "6": {"status": "PASS", "message": "", "test_name": "test_get_to_cart", "rerun": "0"}, "7": {"status": "PASS", "message": "", "test_name": "test_excepted_price", "rerun": "0"}, "8": {"status": "PASS", "message": "", "test_name": "test_landing_to_checkout", "rerun": "0"}, "9": {"status": "PASS", "message": "", "test_name": "test_buy_info", "rerun": "0"}, "10": {"status": "PASS", "message": "", "test_name": "test_receive_info", "rerun": "0"}, "11": {"status": "PASS", "message": "", "test_name": "test_final_price", "rerun": "0"}, "12": {"status": "FAIL", "message": "           AssertionError: \uacc4\uc88c\uc774\uccb4 \ub77c\ub514\uc624 \ubc84\ud2bc \uc120\ud0dd \ub3d9\uc791 \ube44\uc815\uc0c1\n           assert False\n            +  where False = is_selected()\n            +    where is_selected = <selenium.webdriver.remote.webelement.WebElement (session=\"e0ac28a9f07baf6286643b0fece573aa\", element=\"f.0E66A9D37FDD6AC42E260EB3C9ABA54D.d.864A85E6C656810F9982E708557320FF.e.16957\")>.is_selected\n", "test_name": "test_method_of_payment_", "rerun": "0"}}, "suite_name": "tests/test_CoupangMain.py"}}}, "date": "September 25, 2024", "start_time": 1727267633.089313, "total_suite": 1, "status": "FAIL", "status_list": {"pass": "11", "fail": "1", "skip": "0", "error": "0", "xpass": "0", "xfail": "1", "rerun": "0"}, "total_tests": "13"}