{"content": {"suites": {"0": {"status": {"total_pass": 10, "total_skip": 0, "total_xpass": 0, "total_xfail": 0, "total_rerun": 0, "total_fail": 2, "total_error": 0}, "tests": {"0": {"status": "PASS", "message": "", "test_name": "test_login_landing", "rerun": "0"}, "1": {"status": "PASS", "message": "", "test_name": "test_login", "rerun": "0"}, "2": {"status": "PASS", "message": "", "test_name": "test_totalmenu_listing", "rerun": "0"}, "3": {"status": "PASS", "message": "", "test_name": "test_gnb1", "rerun": "0"}, "4": {"status": "PASS", "message": "", "test_name": "test_gnb2", "rerun": "0"}, "5": {"status": "PASS", "message": "", "test_name": "test_gnb3", "rerun": "0"}, "6": {"status": "PASS", "message": "", "test_name": "test_search_dropdown_default", "rerun": "0"}, "7": {"status": "PASS", "message": "", "test_name": "test_search_dropdown_listing", "rerun": "0"}, "8": {"status": "PASS", "message": "", "test_name": "test_search_dropdown_select", "rerun": "0"}, "9": {"status": "PASS", "message": "", "test_name": "test_search_keyword", "rerun": "0"}, "10": {"status": "FAIL", "message": "   selenium.common.exceptions.InvalidSelectorException: Message: invalid selector\n   from javascript error: {\"status\":32,\"value\":\"Unable to locate an element with the xpath expression //label[@for='deliveryFilterOption-rocket_all']'] because of the following error:\\nSyntaxError: Failed to execute 'evaluate' on 'Document': The string '//label[@for='deliveryFilterOption-rocket_all']']' is not a valid XPath expression.\"}\n     (Session info: chrome=129.0.6668.59); For documentation on this error, please visit: https://www.selenium.dev/documentation/webdriver/troubleshooting/errors#invalid-selector-exception\n   Stacktrace:\n   \tGetHandleVerifier [0x002D83E3+25571]\n   \t(No symbol) [0x0026A684]\n   \t(No symbol) [0x00162113]\n   \t(No symbol) [0x00167CC4]\n   \t(No symbol) [0x00169598]\n   \t(No symbol) [0x00169610]\n   \t(No symbol) [0x001A6BC5]\n   \t(No symbol) [0x001A71FB]\n   \t(No symbol) [0x001E7822]\n   \t(No symbol) [0x001CAC54]\n   \t(No symbol) [0x001E5349]\n   \t(No symbol) [0x001CA9A6]\n   \t(No symbol) [0x0019BAB6]\n   \t(No symbol) [0x0019C50D]\n   \tGetHandleVerifier [0x005AC4A3+2991267]\n   \tGetHandleVerifier [0x005FD2C9+3322569]\n   \tGetHandleVerifier [0x003684D2+615634]\n   \tGetHandleVerifier [0x0036FBFC+646140]\n   \t(No symbol) [0x0027327D]\n   \t(No symbol) [0x00270188]\n   \t(No symbol) [0x00270325]\n   \t(No symbol) [0x00262826]\n   \tBaseThreadInitThunk [0x7682FCC9+25]\n   \tRtlGetAppContainerNamedObjectPath [0x779D80CE+286]\n   \tRtlGetAppContainerNamedObjectPath [0x779D809E+238]\n   \t(No symbol) [0x00000000]\n", "test_name": "test_search_filter_rocket", "rerun": "0"}, "11": {"status": "FAIL", "message": "   selenium.common.exceptions.StaleElementReferenceException: Message: stale element reference: stale element not found\n     (Session info: chrome=129.0.6668.59); For documentation on this error, please visit: https://www.selenium.dev/documentation/webdriver/troubleshooting/errors#stale-element-reference-exception\n   Stacktrace:\n   \tGetHandleVerifier [0x002D83E3+25571]\n   \t(No symbol) [0x0026A684]\n   \t(No symbol) [0x00162113]\n   \t(No symbol) [0x001707AF]\n   \t(No symbol) [0x001685AF]\n   \t(No symbol) [0x001668C7]\n   \t(No symbol) [0x00169598]\n   \t(No symbol) [0x00169610]\n   \t(No symbol) [0x001A23B6]\n   \t(No symbol) [0x001CAC0C]\n   \t(No symbol) [0x0019D084]\n   \t(No symbol) [0x001CAEA4]\n   \t(No symbol) [0x001E5349]\n   \t(No symbol) [0x001CA9A6]\n   \t(No symbol) [0x0019BAB6]\n   \t(No symbol) [0x0019C50D]\n   \tGetHandleVerifier [0x005AC4A3+2991267]\n   \tGetHandleVerifier [0x005FD2C9+3322569]\n   \tGetHandleVerifier [0x003684D2+615634]\n   \tGetHandleVerifier [0x0036FBFC+646140]\n   \t(No symbol) [0x0027327D]\n   \t(No symbol) [0x00270188]\n   \t(No symbol) [0x00270325]\n   \t(No symbol) [0x00262826]\n   \tBaseThreadInitThunk [0x7682FCC9+25]\n   \tRtlGetAppContainerNamedObjectPath [0x779D80CE+286]\n   \tRtlGetAppContainerNamedObjectPath [0x779D809E+238]\n   \t(No symbol) [0x00000000]\n", "test_name": "test_search_sorting_low", "rerun": "0"}}, "suite_name": "tests/test_CoupangMain.py"}}}, "date": "September 23, 2024", "start_time": 1727083570.1079996, "total_suite": 1, "status": "FAIL", "status_list": {"pass": "10", "fail": "2", "skip": "0", "error": "0", "xpass": "0", "xfail": "0", "rerun": "0"}, "total_tests": "12"}