{"content": {"suites": {"0": {"status": {"total_pass": 12, "total_skip": 0, "total_xpass": 0, "total_xfail": 1, "total_rerun": 0, "total_fail": 3, "total_error": 0}, "tests": {"0": {"status": "PASS", "message": "", "test_name": "test_login_landing", "rerun": "0"}, "1": {"status": "PASS", "message": "", "test_name": "test_login", "rerun": "0"}, "2": {"status": "PASS", "message": "", "test_name": "test_totalmenu_listing", "rerun": "0"}, "3": {"status": "PASS", "message": "", "test_name": "test_gnb1", "rerun": "0"}, "4": {"status": "PASS", "message": "", "test_name": "test_gnb2", "rerun": "0"}, "5": {"status": "PASS", "message": "", "test_name": "test_gnb3", "rerun": "0"}, "6": {"status": "PASS", "message": "", "test_name": "test_search_dropdown_default", "rerun": "0"}, "7": {"status": "PASS", "message": "", "test_name": "test_search_dropdown_listing", "rerun": "0"}, "8": {"status": "PASS", "message": "", "test_name": "test_search_dropdown_select", "rerun": "0"}, "9": {"status": "PASS", "message": "", "test_name": "test_search_keyword", "rerun": "0"}, "10": {"status": "PASS", "message": "", "test_name": "test_search_filter_rocket", "rerun": "0"}, "11": {"status": "xFAIL", "message": "   AssertionError: \ub0ae\uc740 \uac00\uaca9\uc21c \uc815\ub82c \uc801\uc6a9 \uc548 \ub428\n   assert [3000, 3310, ...40, 4100, ...] == [3000, 3310, ...40, 4100, ...]\n     \n     At index 10 diff: 4900 != 4720\n     \n     Full diff:\n       [\n           3000,\n           3310,...\n     \n     ...Full output truncated (36 lines hidden), use '-vv' to show\n", "test_name": "test_search_sorting_low", "rerun": "0"}, "12": {"status": "PASS", "message": "", "test_name": "test_procuct_detail", "rerun": "0"}, "13": {"status": "FAIL", "message": "   selenium.common.exceptions.ElementClickInterceptedException: Message: element click intercepted: Element <button class=\"prod-cart-btn\" data-gaclick=\"{&quot;hitType&quot;:&quot;event&quot;, &quot;eventCategory&quot;:&quot;addCartButton&quot;, &quot;eventAction&quot;:&quot;click&quot;, &quot;eventLabel&quot;:&quot;optionBarButton&quot;, &quot;eventValue&quot;:0}\">...</button> is not clickable at point (1115, 880). Other element would receive the click: <div class=\"option-table-list\">...</div>\n     (Session info: chrome=129.0.6668.70)\n   Stacktrace:\n   \tGetHandleVerifier [0x00926AB3+25587]\n   \t(No symbol) [0x008B9C54]\n   \t(No symbol) [0x007B2113]\n   \t(No symbol) [0x007FCEB7]\n   \t(No symbol) [0x007FB2B9]\n   \t(No symbol) [0x007F91AB]\n   \t(No symbol) [0x007F8798]\n   \t(No symbol) [0x007ED58D]\n   \t(No symbol) [0x0081AB9C]\n   \t(No symbol) [0x007ED044]\n   \t(No symbol) [0x0081AE34]\n   \t(No symbol) [0x00835370]\n   \t(No symbol) [0x0081A936]\n   \t(No symbol) [0x007EBA73]\n   \t(No symbol) [0x007EC4CD]\n   \tGetHandleVerifier [0x00C04C63+3032483]\n   \tGetHandleVerifier [0x00C56B99+3368153]\n   \tGetHandleVerifier [0x009B8F62+624802]\n   \tGetHandleVerifier [0x009C07DC+655644]\n   \t(No symbol) [0x008C260D]\n   \t(No symbol) [0x008BF6D8]\n   \t(No symbol) [0x008BF875]\n   \t(No symbol) [0x008B1CA6]\n   \tBaseThreadInitThunk [0x7682FCC9+25]\n   \tRtlGetAppContainerNamedObjectPath [0x779D80CE+286]\n   \tRtlGetAppContainerNamedObjectPath [0x779D809E+238]\n", "test_name": "test_get_to_cart", "rerun": "0"}, "14": {"status": "FAIL", "message": "   selenium.common.exceptions.NoSuchElementException: Message: no such element: Unable to locate element: {\"method\":\"xpath\",\"selector\":\"//div[contains(@class,'unit-total-sale-price')]\"}\n     (Session info: chrome=129.0.6668.70); For documentation on this error, please visit: https://www.selenium.dev/documentation/webdriver/troubleshooting/errors#no-such-element-exception\n   Stacktrace:\n   \tGetHandleVerifier [0x00926AB3+25587]\n   \t(No symbol) [0x008B9C54]\n   \t(No symbol) [0x007B2113]\n   \t(No symbol) [0x007F6F62]\n   \t(No symbol) [0x007F71AB]\n   \t(No symbol) [0x00837852]\n   \t(No symbol) [0x0081ABE4]\n   \t(No symbol) [0x00835370]\n   \t(No symbol) [0x0081A936]\n   \t(No symbol) [0x007EBA73]\n   \t(No symbol) [0x007EC4CD]\n   \tGetHandleVerifier [0x00C04C63+3032483]\n   \tGetHandleVerifier [0x00C56B99+3368153]\n   \tGetHandleVerifier [0x009B8F62+624802]\n   \tGetHandleVerifier [0x009C07DC+655644]\n   \t(No symbol) [0x008C260D]\n   \t(No symbol) [0x008BF6D8]\n   \t(No symbol) [0x008BF875]\n   \t(No symbol) [0x008B1CA6]\n   \tBaseThreadInitThunk [0x7682FCC9+25]\n   \tRtlGetAppContainerNamedObjectPath [0x779D80CE+286]\n   \tRtlGetAppContainerNamedObjectPath [0x779D809E+238]\n", "test_name": "test_excepted_price", "rerun": "0"}, "15": {"status": "FAIL", "message": "   selenium.common.exceptions.NoSuchElementException: Message: no such element: Unable to locate element: {\"method\":\"xpath\",\"selector\":\"//span[contains(@class,'modify-color')]\"}\n     (Session info: chrome=129.0.6668.70); For documentation on this error, please visit: https://www.selenium.dev/documentation/webdriver/troubleshooting/errors#no-such-element-exception\n   Stacktrace:\n   \tGetHandleVerifier [0x00926AB3+25587]\n   \t(No symbol) [0x008B9C54]\n   \t(No symbol) [0x007B2113]\n   \t(No symbol) [0x007F6F62]\n   \t(No symbol) [0x007F71AB]\n   \t(No symbol) [0x00837852]\n   \t(No symbol) [0x0081ABE4]\n   \t(No symbol) [0x00835370]\n   \t(No symbol) [0x0081A936]\n   \t(No symbol) [0x007EBA73]\n   \t(No symbol) [0x007EC4CD]\n   \tGetHandleVerifier [0x00C04C63+3032483]\n   \tGetHandleVerifier [0x00C56B99+3368153]\n   \tGetHandleVerifier [0x009B8F62+624802]\n   \tGetHandleVerifier [0x009C07DC+655644]\n   \t(No symbol) [0x008C260D]\n   \t(No symbol) [0x008BF6D8]\n   \t(No symbol) [0x008BF875]\n   \t(No symbol) [0x008B1CA6]\n   \tBaseThreadInitThunk [0x7682FCC9+25]\n   \tRtlGetAppContainerNamedObjectPath [0x779D80CE+286]\n   \tRtlGetAppContainerNamedObjectPath [0x779D809E+238]\n", "test_name": "test_landing_to_checkout", "rerun": "0"}}, "suite_name": "tests/test_CoupangMain.py"}}}, "date": "September 25, 2024", "start_time": 1727257362.0713966, "total_suite": 1, "status": "FAIL", "status_list": {"pass": "12", "fail": "3", "skip": "0", "error": "0", "xpass": "0", "xfail": "1", "rerun": "0"}, "total_tests": "16"}