{"content": {"suites": {"0": {"status": {"total_pass": 7, "total_skip": 0, "total_xpass": 0, "total_xfail": 1, "total_rerun": 0, "total_fail": 2, "total_error": 0}, "tests": {"0": {"status": "PASS", "message": "", "test_name": "test_login_landing", "rerun": "0"}, "1": {"status": "PASS", "message": "", "test_name": "test_login", "rerun": "0"}, "2": {"status": "PASS", "message": "", "test_name": "test_search_keyword", "rerun": "0"}, "3": {"status": "PASS", "message": "", "test_name": "test_search_filter_rocket", "rerun": "0"}, "4": {"status": "xFAIL", "message": "   AssertionError: \ub0ae\uc740 \uac00\uaca9\uc21c \uc815\ub82c \uc801\uc6a9 \uc548 \ub428\n   assert [3000, 3310, ...40, 4100, ...] == [3000, 3310, ...40, 4100, ...]\n     \n     At index 10 diff: 4900 != 4720\n     \n     Full diff:\n       [\n           3000,\n           3310,...\n     \n     ...Full output truncated (36 lines hidden), use '-vv' to show\n", "test_name": "test_search_sorting_low", "rerun": "0"}, "5": {"status": "PASS", "message": "", "test_name": "test_procuct_detail", "rerun": "0"}, "6": {"status": "FAIL", "message": "   AssertionError: \uc7a5\ubc14\uad6c\ub2c8 \ub2f4\uae30 \ubd88\uac00 \ub610\ub294 \uc120\ud0dd\ud55c \uc0c1\ud488 \uc7a5\ubc14\uad6c\ub2c8\uc5d0 \ubbf8\ub178\ucd9c\n   assert ('\\ud504\\ub80c...c785, 1\\uac1c' == '\\ud504\\ub80c...c785, 1\\uac1c'\n     \n       \ud504\ub80c\uce58\uce74\ud398 \uc544\ub77c\ube44\uce74 \uace8\ub4dc\ub77c\ubca8 \ucee4\ud53c\ubbf9\uc2a4, 10.7g, 20\uac1c\uc785, 1\uac1c and '3,000\uc6d0' == '6,000\uc6d0'\n     \n     - 6,000\uc6d0\n     ? ^\n     + 3,000\uc6d0\n     ? ^)\n", "test_name": "test_get_to_cart", "rerun": "0"}, "7": {"status": "PASS", "message": "", "test_name": "test_excepted_price", "rerun": "0"}, "8": {"status": "FAIL", "message": "   selenium.common.exceptions.NoSuchElementException: Message: no such element: Unable to locate element: {\"method\":\"css selector\",\"selector\":\"body > div:nth-child(1) > div:nth-child(3) > div:nth-child(1) > div:nth-child(3) > div:nth-child(1) > table:nth-child(2) > tbody:nth-child(1) > tr:nth-child(1) > td:nth-child(2)\"}\n     (Session info: chrome=129.0.6668.70); For documentation on this error, please visit: https://www.selenium.dev/documentation/webdriver/troubleshooting/errors#no-such-element-exception\n   Stacktrace:\n   \tGetHandleVerifier [0x00926AB3+25587]\n   \t(No symbol) [0x008B9C54]\n   \t(No symbol) [0x007B2113]\n   \t(No symbol) [0x007F6F62]\n   \t(No symbol) [0x007F71AB]\n   \t(No symbol) [0x00837852]\n   \t(No symbol) [0x0081ABE4]\n   \t(No symbol) [0x00835370]\n   \t(No symbol) [0x0081A936]\n   \t(No symbol) [0x007EBA73]\n   \t(No symbol) [0x007EC4CD]\n   \tGetHandleVerifier [0x00C04C63+3032483]\n   \tGetHandleVerifier [0x00C56B99+3368153]\n   \tGetHandleVerifier [0x009B8F62+624802]\n   \tGetHandleVerifier [0x009C07DC+655644]\n   \t(No symbol) [0x008C260D]\n   \t(No symbol) [0x008BF6D8]\n   \t(No symbol) [0x008BF875]\n   \t(No symbol) [0x008B1CA6]\n   \tBaseThreadInitThunk [0x7682FCC9+25]\n   \tRtlGetAppContainerNamedObjectPath [0x779D80CE+286]\n   \tRtlGetAppContainerNamedObjectPath [0x779D809E+238]\n", "test_name": "test_landing_to_checkout", "rerun": "0"}, "9": {"status": "PASS", "message": "", "test_name": "test_item_check", "rerun": "0"}}, "suite_name": "tests/test_CoupangMain.py"}}}, "date": "September 25, 2024", "start_time": 1727261201.925945, "total_suite": 1, "status": "FAIL", "status_list": {"pass": "7", "fail": "2", "skip": "0", "error": "0", "xpass": "0", "xfail": "1", "rerun": "0"}, "total_tests": "10"}